0 info it worked if it ends with ok
1 verbose cli [ 'C:\\Program Files\\nodejs\\node.exe',
1 verbose cli   'C:\\Program Files\\nodejs\\node_modules\\npm\\bin\\npm-cli.js',
1 verbose cli   'install',
1 verbose cli   'mysql' ]
2 info using npm@3.10.8
3 info using node@v7.0.0
4 silly loadCurrentTree Starting
5 silly install loadCurrentTree
6 silly install readLocalPackageData
7 silly fetchPackageMetaData mysql
8 silly fetchNamedPackageData mysql
9 silly mapToRegistry name mysql
10 silly mapToRegistry using default registry
11 silly mapToRegistry registry https://registry.npmjs.org/
12 silly mapToRegistry data Result {
12 silly mapToRegistry   raw: 'mysql',
12 silly mapToRegistry   scope: null,
12 silly mapToRegistry   escapedName: 'mysql',
12 silly mapToRegistry   name: 'mysql',
12 silly mapToRegistry   rawSpec: '',
12 silly mapToRegistry   spec: 'latest',
12 silly mapToRegistry   type: 'tag' }
13 silly mapToRegistry uri https://registry.npmjs.org/mysql
14 verbose request uri https://registry.npmjs.org/mysql
15 verbose request no auth needed
16 info attempt registry request try #1 at 21:16:20
17 verbose request id 97341ccb547cb9d4
18 verbose etag W/"58dd7a00-21e71"
19 verbose lastModified Thu, 30 Mar 2017 21:34:56 GMT
20 http request GET https://registry.npmjs.org/mysql
21 http 304 https://registry.npmjs.org/mysql
22 verbose headers { date: 'Sun, 02 Apr 2017 13:16:23 GMT',
22 verbose headers   via: '1.1 varnish',
22 verbose headers   'cache-control': 'max-age=300',
22 verbose headers   etag: 'W/"58dd7a00-21e71"',
22 verbose headers   age: '0',
22 verbose headers   connection: 'keep-alive',
22 verbose headers   'x-served-by': 'cache-nrt6125-NRT',
22 verbose headers   'x-cache': 'HIT',
22 verbose headers   'x-cache-hits': '1',
22 verbose headers   'x-timer': 'S1491138983.915586,VS0,VE111',
22 verbose headers   vary: 'Accept-Encoding' }
23 silly get cb [ 304,
23 silly get   { date: 'Sun, 02 Apr 2017 13:16:23 GMT',
23 silly get     via: '1.1 varnish',
23 silly get     'cache-control': 'max-age=300',
23 silly get     etag: 'W/"58dd7a00-21e71"',
23 silly get     age: '0',
23 silly get     connection: 'keep-alive',
23 silly get     'x-served-by': 'cache-nrt6125-NRT',
23 silly get     'x-cache': 'HIT',
23 silly get     'x-cache-hits': '1',
23 silly get     'x-timer': 'S1491138983.915586,VS0,VE111',
23 silly get     vary: 'Accept-Encoding' } ]
24 verbose etag https://registry.npmjs.org/mysql from cache
25 verbose get saving mysql to C:\Users\nidhogg5\AppData\Roaming\npm-cache\registry.npmjs.org\mysql\.cache.json
26 verbose correctMkdir C:\Users\nidhogg5\AppData\Roaming\npm-cache correctMkdir not in flight; initializing
27 silly install normalizeTree
28 silly loadCurrentTree Finishing
29 silly loadIdealTree Starting
30 silly install loadIdealTree
31 silly cloneCurrentTree Starting
32 silly install cloneCurrentTreeToIdealTree
33 silly cloneCurrentTree Finishing
34 silly loadShrinkwrap Starting
35 silly install loadShrinkwrap
36 silly loadShrinkwrap Finishing
37 silly loadAllDepsIntoIdealTree Starting
38 silly install loadAllDepsIntoIdealTree
39 silly resolveWithNewModule mysql@2.13.0 checking installable status
40 silly cache add args [ 'mysql', null ]
41 verbose cache add spec mysql
42 silly cache add parsed spec Result {
42 silly cache add   raw: 'mysql',
42 silly cache add   scope: null,
42 silly cache add   escapedName: 'mysql',
42 silly cache add   name: 'mysql',
42 silly cache add   rawSpec: '',
42 silly cache add   spec: 'latest',
42 silly cache add   type: 'tag' }
43 silly addNamed mysql@latest
44 verbose addNamed "latest" is being treated as a dist-tag for mysql
45 info addNameTag [ 'mysql', 'latest' ]
46 silly mapToRegistry name mysql
47 silly mapToRegistry using default registry
48 silly mapToRegistry registry https://registry.npmjs.org/
49 silly mapToRegistry data Result {
49 silly mapToRegistry   raw: 'mysql',
49 silly mapToRegistry   scope: null,
49 silly mapToRegistry   escapedName: 'mysql',
49 silly mapToRegistry   name: 'mysql',
49 silly mapToRegistry   rawSpec: '',
49 silly mapToRegistry   spec: 'latest',
49 silly mapToRegistry   type: 'tag' }
50 silly mapToRegistry uri https://registry.npmjs.org/mysql
51 verbose addNameTag registry:https://registry.npmjs.org/mysql not in flight; fetching
52 verbose get https://registry.npmjs.org/mysql not expired, no request
53 silly addNameTag next cb for mysql with tag latest
54 silly addNamed mysql@2.13.0
55 verbose addNamed "2.13.0" is a plain semver version for mysql
56 silly cache afterAdd mysql@2.13.0
57 verbose afterAdd C:\Users\nidhogg5\AppData\Roaming\npm-cache\mysql\2.13.0\package\package.json not in flight; writing
58 verbose correctMkdir C:\Users\nidhogg5\AppData\Roaming\npm-cache correctMkdir not in flight; initializing
59 verbose afterAdd C:\Users\nidhogg5\AppData\Roaming\npm-cache\mysql\2.13.0\package\package.json written
60 silly fetchNamedPackageData bignumber.js
61 silly mapToRegistry name bignumber.js
62 silly mapToRegistry using default registry
63 silly mapToRegistry registry https://registry.npmjs.org/
64 silly mapToRegistry data Result {
64 silly mapToRegistry   raw: 'bignumber.js',
64 silly mapToRegistry   scope: null,
64 silly mapToRegistry   escapedName: 'bignumber.js',
64 silly mapToRegistry   name: 'bignumber.js',
64 silly mapToRegistry   rawSpec: '',
64 silly mapToRegistry   spec: 'latest',
64 silly mapToRegistry   type: 'tag' }
65 silly mapToRegistry uri https://registry.npmjs.org/bignumber.js
66 verbose request uri https://registry.npmjs.org/bignumber.js
67 verbose request no auth needed
68 info attempt registry request try #1 at 21:16:20
69 verbose etag W/"587373af-d67f"
70 verbose lastModified Mon, 09 Jan 2017 11:27:43 GMT
71 http request GET https://registry.npmjs.org/bignumber.js
72 http 304 https://registry.npmjs.org/bignumber.js
73 verbose headers { date: 'Sun, 02 Apr 2017 13:16:24 GMT',
73 verbose headers   via: '1.1 varnish',
73 verbose headers   'cache-control': 'max-age=300',
73 verbose headers   etag: 'W/"587373af-d67f"',
73 verbose headers   age: '0',
73 verbose headers   connection: 'keep-alive',
73 verbose headers   'x-served-by': 'cache-nrt6125-NRT',
73 verbose headers   'x-cache': 'HIT',
73 verbose headers   'x-cache-hits': '1',
73 verbose headers   'x-timer': 'S1491138984.277784,VS0,VE135',
73 verbose headers   vary: 'Accept-Encoding' }
74 silly get cb [ 304,
74 silly get   { date: 'Sun, 02 Apr 2017 13:16:24 GMT',
74 silly get     via: '1.1 varnish',
74 silly get     'cache-control': 'max-age=300',
74 silly get     etag: 'W/"587373af-d67f"',
74 silly get     age: '0',
74 silly get     connection: 'keep-alive',
74 silly get     'x-served-by': 'cache-nrt6125-NRT',
74 silly get     'x-cache': 'HIT',
74 silly get     'x-cache-hits': '1',
74 silly get     'x-timer': 'S1491138984.277784,VS0,VE135',
74 silly get     vary: 'Accept-Encoding' } ]
75 verbose etag https://registry.npmjs.org/bignumber.js from cache
76 verbose get saving bignumber.js to C:\Users\nidhogg5\AppData\Roaming\npm-cache\registry.npmjs.org\bignumber.js\.cache.json
77 verbose correctMkdir C:\Users\nidhogg5\AppData\Roaming\npm-cache correctMkdir not in flight; initializing
78 silly resolveWithNewModule bignumber.js@3.1.2 checking installable status
79 silly cache add args [ 'bignumber.js@3.1.2', null ]
80 verbose cache add spec bignumber.js@3.1.2
81 silly cache add parsed spec Result {
81 silly cache add   raw: 'bignumber.js@3.1.2',
81 silly cache add   scope: null,
81 silly cache add   escapedName: 'bignumber.js',
81 silly cache add   name: 'bignumber.js',
81 silly cache add   rawSpec: '3.1.2',
81 silly cache add   spec: '3.1.2',
81 silly cache add   type: 'version' }
82 silly addNamed bignumber.js@3.1.2
83 verbose addNamed "3.1.2" is a plain semver version for bignumber.js
84 silly mapToRegistry name bignumber.js
85 silly mapToRegistry using default registry
86 silly mapToRegistry registry https://registry.npmjs.org/
87 silly mapToRegistry data Result {
87 silly mapToRegistry   raw: 'bignumber.js',
87 silly mapToRegistry   scope: null,
87 silly mapToRegistry   escapedName: 'bignumber.js',
87 silly mapToRegistry   name: 'bignumber.js',
87 silly mapToRegistry   rawSpec: '',
87 silly mapToRegistry   spec: 'latest',
87 silly mapToRegistry   type: 'tag' }
88 silly mapToRegistry uri https://registry.npmjs.org/bignumber.js
89 verbose addNameVersion registry:https://registry.npmjs.org/bignumber.js not in flight; fetching
90 verbose get https://registry.npmjs.org/bignumber.js not expired, no request
91 silly cache afterAdd bignumber.js@3.1.2
92 verbose afterAdd C:\Users\nidhogg5\AppData\Roaming\npm-cache\bignumber.js\3.1.2\package\package.json not in flight; writing
93 verbose correctMkdir C:\Users\nidhogg5\AppData\Roaming\npm-cache correctMkdir not in flight; initializing
94 verbose afterAdd C:\Users\nidhogg5\AppData\Roaming\npm-cache\bignumber.js\3.1.2\package\package.json written
95 silly loadAllDepsIntoIdealTree Finishing
96 silly loadIdealTree Finishing
97 silly currentTree app@0.0.0
97 silly currentTree +-- accepts@1.3.3
97 silly currentTree +-- acorn-globals@1.0.9
97 silly currentTree +-- acorn@2.7.0
97 silly currentTree +-- align-text@0.1.4
97 silly currentTree +-- amdefine@1.0.1
97 silly currentTree +-- array-flatten@1.1.1
97 silly currentTree +-- asap@1.0.0
97 silly currentTree +-- basic-auth@1.0.4
97 silly currentTree +-- bignumber.js@2.0.7
97 silly currentTree +-- body-parser@1.15.2
97 silly currentTree +-- bytes@2.4.0
97 silly currentTree +-- camelcase@1.2.1
97 silly currentTree +-- center-align@0.1.3
97 silly currentTree +-- character-parser@1.2.1
97 silly currentTree +-- clean-css@3.4.25
97 silly currentTree | +-- commander@2.8.1
97 silly currentTree | `-- desktop.ini
97 silly currentTree +-- cliui@2.1.0
97 silly currentTree | +-- desktop.ini
97 silly currentTree | `-- wordwrap@0.0.2
97 silly currentTree +-- commander@2.6.0
97 silly currentTree +-- constantinople@3.0.2
97 silly currentTree +-- content-disposition@0.5.2
97 silly currentTree +-- content-type@1.0.2
97 silly currentTree +-- cookie-parser@1.4.3
97 silly currentTree +-- cookie-signature@1.0.6
97 silly currentTree +-- cookie@0.3.1
97 silly currentTree +-- core-util-is@1.0.2
97 silly currentTree +-- crypto-js@3.1.8
97 silly currentTree +-- css-parse@1.0.4
97 silly currentTree +-- css-stringify@1.0.5
97 silly currentTree +-- css@1.0.8
97 silly currentTree +-- debug@2.2.0
97 silly currentTree +-- decamelize@1.2.0
97 silly currentTree +-- depd@1.1.0
97 silly currentTree +-- desktop.ini
97 silly currentTree +-- destroy@1.0.4
97 silly currentTree +-- ee-first@1.1.1
97 silly currentTree +-- encodeurl@1.0.1
97 silly currentTree +-- escape-html@1.0.3
97 silly currentTree +-- etag@1.7.0
97 silly currentTree +-- express@4.14.1
97 silly currentTree +-- finalhandler@0.5.1
97 silly currentTree +-- forwarded@0.1.0
97 silly currentTree +-- fresh@0.3.0
97 silly currentTree +-- graceful-readlink@1.0.1
97 silly currentTree +-- http-errors@1.5.1
97 silly currentTree +-- iconv-lite@0.4.13
97 silly currentTree +-- inherits@2.0.3
97 silly currentTree +-- ipaddr.js@1.3.0
97 silly currentTree +-- is-buffer@1.1.5
97 silly currentTree +-- is-promise@2.1.0
97 silly currentTree +-- isarray@0.0.1
97 silly currentTree +-- jade@1.11.0
97 silly currentTree +-- jstransformer@0.0.2
97 silly currentTree +-- kind-of@3.1.0
97 silly currentTree +-- lazy-cache@1.0.4
97 silly currentTree +-- longest@1.0.1
97 silly currentTree +-- media-typer@0.3.0
97 silly currentTree +-- merge-descriptors@1.0.1
97 silly currentTree +-- methods@1.1.2
97 silly currentTree +-- mime-db@1.27.0
97 silly currentTree +-- mime-types@2.1.15
97 silly currentTree +-- mime@1.3.4
97 silly currentTree +-- minimist@0.0.8
97 silly currentTree +-- mkdirp@0.5.1
97 silly currentTree +-- morgan@1.7.0
97 silly currentTree +-- ms@0.7.1
97 silly currentTree +-- mysql
97 silly currentTree +-- negotiator@0.6.1
97 silly currentTree +-- on-finished@2.3.0
97 silly currentTree +-- on-headers@1.0.1
97 silly currentTree +-- optimist@0.3.7
97 silly currentTree +-- parseurl@1.3.1
97 silly currentTree +-- path-to-regexp@0.1.7
97 silly currentTree +-- promise@6.1.0
97 silly currentTree +-- proxy-addr@1.1.4
97 silly currentTree +-- qs@6.2.0
97 silly currentTree +-- range-parser@1.2.0
97 silly currentTree +-- raw-body@2.1.7
97 silly currentTree +-- readable-stream@1.1.14
97 silly currentTree +-- repeat-string@1.6.1
97 silly currentTree +-- right-align@0.1.3
97 silly currentTree +-- send@0.14.2
97 silly currentTree | +-- desktop.ini
97 silly currentTree | `-- ms@0.7.2
97 silly currentTree +-- serve-favicon@2.3.2
97 silly currentTree | +-- desktop.ini
97 silly currentTree | `-- ms@0.7.2
97 silly currentTree +-- serve-static@1.11.2
97 silly currentTree +-- setprototypeof@1.0.2
97 silly currentTree +-- source-map@0.4.4
97 silly currentTree +-- sqlstring@2.2.0
97 silly currentTree +-- statuses@1.3.1
97 silly currentTree +-- string_decoder@0.10.31
97 silly currentTree +-- transformers@2.1.0
97 silly currentTree | +-- desktop.ini
97 silly currentTree | +-- is-promise@1.0.1
97 silly currentTree | +-- promise@2.0.0
97 silly currentTree | +-- source-map@0.1.43
97 silly currentTree | `-- uglify-js@2.2.5
97 silly currentTree +-- type-is@1.6.15
97 silly currentTree +-- uglify-js@2.8.20
97 silly currentTree | +-- desktop.ini
97 silly currentTree | `-- source-map@0.5.6
97 silly currentTree +-- uglify-to-browserify@1.0.2
97 silly currentTree +-- unpipe@1.0.0
97 silly currentTree +-- utf8@2.1.2
97 silly currentTree +-- utils-merge@1.0.0
97 silly currentTree +-- vary@1.1.1
97 silly currentTree +-- void-elements@2.0.1
97 silly currentTree +-- web3@0.18.4
97 silly currentTree +-- window-size@0.1.0
97 silly currentTree +-- with@4.0.3
97 silly currentTree | +-- acorn@1.2.2
97 silly currentTree | `-- desktop.ini
97 silly currentTree +-- wordwrap@0.0.3
97 silly currentTree +-- xhr2@0.1.4
97 silly currentTree +-- xmlhttprequest@1.8.0
97 silly currentTree `-- yargs@3.10.0
98 silly idealTree app@0.0.0
98 silly idealTree +-- accepts@1.3.3
98 silly idealTree +-- acorn-globals@1.0.9
98 silly idealTree +-- acorn@2.7.0
98 silly idealTree +-- align-text@0.1.4
98 silly idealTree +-- amdefine@1.0.1
98 silly idealTree +-- array-flatten@1.1.1
98 silly idealTree +-- asap@1.0.0
98 silly idealTree +-- basic-auth@1.0.4
98 silly idealTree +-- bignumber.js@2.0.7
98 silly idealTree +-- body-parser@1.15.2
98 silly idealTree +-- bytes@2.4.0
98 silly idealTree +-- camelcase@1.2.1
98 silly idealTree +-- center-align@0.1.3
98 silly idealTree +-- character-parser@1.2.1
98 silly idealTree +-- clean-css@3.4.25
98 silly idealTree | +-- commander@2.8.1
98 silly idealTree | `-- desktop.ini
98 silly idealTree +-- cliui@2.1.0
98 silly idealTree | +-- desktop.ini
98 silly idealTree | `-- wordwrap@0.0.2
98 silly idealTree +-- commander@2.6.0
98 silly idealTree +-- constantinople@3.0.2
98 silly idealTree +-- content-disposition@0.5.2
98 silly idealTree +-- content-type@1.0.2
98 silly idealTree +-- cookie-parser@1.4.3
98 silly idealTree +-- cookie-signature@1.0.6
98 silly idealTree +-- cookie@0.3.1
98 silly idealTree +-- core-util-is@1.0.2
98 silly idealTree +-- crypto-js@3.1.8
98 silly idealTree +-- css-parse@1.0.4
98 silly idealTree +-- css-stringify@1.0.5
98 silly idealTree +-- css@1.0.8
98 silly idealTree +-- debug@2.2.0
98 silly idealTree +-- decamelize@1.2.0
98 silly idealTree +-- depd@1.1.0
98 silly idealTree +-- desktop.ini
98 silly idealTree +-- destroy@1.0.4
98 silly idealTree +-- ee-first@1.1.1
98 silly idealTree +-- encodeurl@1.0.1
98 silly idealTree +-- escape-html@1.0.3
98 silly idealTree +-- etag@1.7.0
98 silly idealTree +-- express@4.14.1
98 silly idealTree +-- finalhandler@0.5.1
98 silly idealTree +-- forwarded@0.1.0
98 silly idealTree +-- fresh@0.3.0
98 silly idealTree +-- graceful-readlink@1.0.1
98 silly idealTree +-- http-errors@1.5.1
98 silly idealTree +-- iconv-lite@0.4.13
98 silly idealTree +-- inherits@2.0.3
98 silly idealTree +-- ipaddr.js@1.3.0
98 silly idealTree +-- is-buffer@1.1.5
98 silly idealTree +-- is-promise@2.1.0
98 silly idealTree +-- isarray@0.0.1
98 silly idealTree +-- jade@1.11.0
98 silly idealTree +-- jstransformer@0.0.2
98 silly idealTree +-- kind-of@3.1.0
98 silly idealTree +-- lazy-cache@1.0.4
98 silly idealTree +-- longest@1.0.1
98 silly idealTree +-- media-typer@0.3.0
98 silly idealTree +-- merge-descriptors@1.0.1
98 silly idealTree +-- methods@1.1.2
98 silly idealTree +-- mime-db@1.27.0
98 silly idealTree +-- mime-types@2.1.15
98 silly idealTree +-- mime@1.3.4
98 silly idealTree +-- minimist@0.0.8
98 silly idealTree +-- mkdirp@0.5.1
98 silly idealTree +-- morgan@1.7.0
98 silly idealTree +-- ms@0.7.1
98 silly idealTree +-- mysql@2.13.0
98 silly idealTree | `-- bignumber.js@3.1.2
98 silly idealTree +-- negotiator@0.6.1
98 silly idealTree +-- on-finished@2.3.0
98 silly idealTree +-- on-headers@1.0.1
98 silly idealTree +-- optimist@0.3.7
98 silly idealTree +-- parseurl@1.3.1
98 silly idealTree +-- path-to-regexp@0.1.7
98 silly idealTree +-- promise@6.1.0
98 silly idealTree +-- proxy-addr@1.1.4
98 silly idealTree +-- qs@6.2.0
98 silly idealTree +-- range-parser@1.2.0
98 silly idealTree +-- raw-body@2.1.7
98 silly idealTree +-- readable-stream@1.1.14
98 silly idealTree +-- repeat-string@1.6.1
98 silly idealTree +-- right-align@0.1.3
98 silly idealTree +-- send@0.14.2
98 silly idealTree | +-- desktop.ini
98 silly idealTree | `-- ms@0.7.2
98 silly idealTree +-- serve-favicon@2.3.2
98 silly idealTree | +-- desktop.ini
98 silly idealTree | `-- ms@0.7.2
98 silly idealTree +-- serve-static@1.11.2
98 silly idealTree +-- setprototypeof@1.0.2
98 silly idealTree +-- source-map@0.4.4
98 silly idealTree +-- sqlstring@2.2.0
98 silly idealTree +-- statuses@1.3.1
98 silly idealTree +-- string_decoder@0.10.31
98 silly idealTree +-- transformers@2.1.0
98 silly idealTree | +-- desktop.ini
98 silly idealTree | +-- is-promise@1.0.1
98 silly idealTree | +-- promise@2.0.0
98 silly idealTree | +-- source-map@0.1.43
98 silly idealTree | `-- uglify-js@2.2.5
98 silly idealTree +-- type-is@1.6.15
98 silly idealTree +-- uglify-js@2.8.20
98 silly idealTree | +-- desktop.ini
98 silly idealTree | `-- source-map@0.5.6
98 silly idealTree +-- uglify-to-browserify@1.0.2
98 silly idealTree +-- unpipe@1.0.0
98 silly idealTree +-- utf8@2.1.2
98 silly idealTree +-- utils-merge@1.0.0
98 silly idealTree +-- vary@1.1.1
98 silly idealTree +-- void-elements@2.0.1
98 silly idealTree +-- web3@0.18.4
98 silly idealTree +-- window-size@0.1.0
98 silly idealTree +-- with@4.0.3
98 silly idealTree | +-- acorn@1.2.2
98 silly idealTree | `-- desktop.ini
98 silly idealTree +-- wordwrap@0.0.3
98 silly idealTree +-- xhr2@0.1.4
98 silly idealTree +-- xmlhttprequest@1.8.0
98 silly idealTree `-- yargs@3.10.0
99 silly generateActionsToTake Starting
100 silly install generateActionsToTake
101 silly generateActionsToTake Finishing
102 silly diffTrees action count 2
103 silly diffTrees add bignumber.js@3.1.2
104 silly diffTrees update mysql@2.13.0
105 silly decomposeActions action count 16
106 silly decomposeActions fetch bignumber.js@3.1.2
107 silly decomposeActions extract bignumber.js@3.1.2
108 silly decomposeActions test bignumber.js@3.1.2
109 silly decomposeActions preinstall bignumber.js@3.1.2
110 silly decomposeActions build bignumber.js@3.1.2
111 silly decomposeActions install bignumber.js@3.1.2
112 silly decomposeActions postinstall bignumber.js@3.1.2
113 silly decomposeActions finalize bignumber.js@3.1.2
114 silly decomposeActions fetch mysql@2.13.0
115 silly decomposeActions extract mysql@2.13.0
116 silly decomposeActions test mysql@2.13.0
117 silly decomposeActions preinstall mysql@2.13.0
118 silly decomposeActions build mysql@2.13.0
119 silly decomposeActions install mysql@2.13.0
120 silly decomposeActions postinstall mysql@2.13.0
121 silly decomposeActions finalize mysql@2.13.0
122 silly runTopLevelLifecycles Starting
123 silly executeActions Starting
124 silly install executeActions
125 silly doSerial global-install 0
126 silly doParallel fetch 2
127 verbose correctMkdir C:\Users\nidhogg5\AppData\Roaming\npm-cache\_locks correctMkdir not in flight; initializing
128 verbose lock using C:\Users\nidhogg5\AppData\Roaming\npm-cache\_locks\staging-93cbf756beafe143.lock for D:\Google 雲端硬碟\政大\專題\伺服器\app\node_modules\.staging
129 silly doParallel extract 2
130 silly extract bignumber.js@3.1.2
131 silly extract mysql@2.13.0
132 verbose unbuild node_modules\.staging\bignumber.js-0aaaa668
133 verbose unbuild node_modules\.staging\mysql-b5745817
134 silly gentlyRm D:\Google 雲端硬碟\政大\專題\伺服器\app\node_modules\.staging\bignumber.js-0aaaa668 is being purged from base D:\Google 雲端硬碟\政大\專題\伺服器\app
135 verbose gentlyRm don't care about contents; nuking D:\Google 雲端硬碟\政大\專題\伺服器\app\node_modules\.staging\bignumber.js-0aaaa668
136 verbose tar unpack C:\Users\nidhogg5\AppData\Roaming\npm-cache\bignumber.js\3.1.2\package.tgz
137 verbose tar unpacking to D:\Google 雲端硬碟\政大\專題\伺服器\app\node_modules\.staging\bignumber.js-0aaaa668
138 silly gentlyRm D:\Google 雲端硬碟\政大\專題\伺服器\app\node_modules\.staging\bignumber.js-0aaaa668 is being purged
139 verbose gentlyRm don't care about contents; nuking D:\Google 雲端硬碟\政大\專題\伺服器\app\node_modules\.staging\bignumber.js-0aaaa668
140 silly gentlyRm D:\Google 雲端硬碟\政大\專題\伺服器\app\node_modules\.staging\mysql-b5745817 is being purged from base D:\Google 雲端硬碟\政大\專題\伺服器\app
141 verbose gentlyRm don't care about contents; nuking D:\Google 雲端硬碟\政大\專題\伺服器\app\node_modules\.staging\mysql-b5745817
142 silly gunzTarPerm modes [ '777', '666' ]
143 verbose tar unpack C:\Users\nidhogg5\AppData\Roaming\npm-cache\mysql\2.13.0\package.tgz
144 verbose tar unpacking to D:\Google 雲端硬碟\政大\專題\伺服器\app\node_modules\.staging\mysql-b5745817
145 silly gentlyRm D:\Google 雲端硬碟\政大\專題\伺服器\app\node_modules\.staging\mysql-b5745817 is being purged
146 verbose gentlyRm don't care about contents; nuking D:\Google 雲端硬碟\政大\專題\伺服器\app\node_modules\.staging\mysql-b5745817
147 silly gunzTarPerm modes [ '777', '666' ]
148 silly gunzTarPerm extractEntry package.json
149 silly gunzTarPerm extractEntry package.json
150 silly gunzTarPerm extractEntry README.md
151 silly gunzTarPerm extractEntry LICENCE
152 silly gunzTarPerm extractEntry index.js
153 silly gunzTarPerm extractEntry Changes.md
154 silly gunzTarPerm extractEntry bignumber.js
155 silly gunzTarPerm extractEntry License
156 silly gunzTarPerm extractEntry Readme.md
157 silly gunzTarPerm extractEntry lib/Connection.js
158 silly gunzTarPerm extractEntry lib/ConnectionConfig.js
159 silly gunzTarPerm extractEntry lib/Pool.js
160 silly gunzTarPerm extractEntry bignumber.min.js
161 silly gunzTarPerm extractEntry bignumber.js.map
162 silly gunzTarPerm extractEntry bower.json
163 silly gunzTarPerm extractEntry doc/API.html
164 silly gunzTarPerm extractEntry lib/PoolCluster.js
165 silly gunzTarPerm extractEntry lib/PoolConfig.js
166 silly gunzTarPerm extractEntry lib/PoolConnection.js
167 silly gunzTarPerm extractEntry lib/PoolNamespace.js
168 silly gunzTarPerm extractEntry lib/PoolSelector.js
169 silly gunzTarPerm extractEntry lib/protocol/Auth.js
170 silly gunzTarPerm extractEntry lib/protocol/PacketHeader.js
171 silly gunzTarPerm extractEntry lib/protocol/PacketWriter.js
172 silly gunzTarPerm extractEntry lib/protocol/Parser.js
173 silly gunzTarPerm extractEntry lib/protocol/BufferList.js
174 silly gunzTarPerm extractEntry lib/protocol/ResultSet.js
175 silly gunzTarPerm extractEntry lib/protocol/SqlString.js
176 silly gunzTarPerm extractEntry lib/protocol/Protocol.js
177 silly gunzTarPerm extractEntry lib/protocol/constants/charsets.js
178 silly gunzTarPerm extractEntry lib/protocol/constants/client.js
179 silly gunzTarPerm extractEntry lib/protocol/constants/errors.js
180 silly gentlyRm D:\Google 雲端硬碟\政大\專題\伺服器\app\node_modules\.staging\bignumber.js-0aaaa668\node_modules is being purged
181 verbose gentlyRm don't care about contents; nuking D:\Google 雲端硬碟\政大\專題\伺服器\app\node_modules\.staging\bignumber.js-0aaaa668\node_modules
182 silly gunzTarPerm extractEntry lib/protocol/constants/field_flags.js
183 silly gunzTarPerm extractEntry lib/protocol/constants/server_status.js
184 silly gunzTarPerm extractEntry lib/protocol/constants/ssl_profiles.js
185 silly gunzTarPerm extractEntry lib/protocol/constants/types.js
186 silly gunzTarPerm extractEntry lib/protocol/packets/ClientAuthenticationPacket.js
187 silly gunzTarPerm extractEntry lib/protocol/packets/EofPacket.js
188 silly gunzTarPerm extractEntry lib/protocol/packets/ErrorPacket.js
189 silly gunzTarPerm extractEntry lib/protocol/packets/Field.js
190 silly gunzTarPerm extractEntry lib/protocol/packets/EmptyPacket.js
191 silly gunzTarPerm extractEntry lib/protocol/packets/HandshakeInitializationPacket.js
192 silly gunzTarPerm extractEntry lib/protocol/packets/LocalDataFilePacket.js
193 silly gunzTarPerm extractEntry lib/protocol/packets/OkPacket.js
194 silly gunzTarPerm extractEntry lib/protocol/packets/OldPasswordPacket.js
195 silly gunzTarPerm extractEntry lib/protocol/packets/ResultSetHeaderPacket.js
196 silly gunzTarPerm extractEntry lib/protocol/packets/ComStatisticsPacket.js
197 silly gunzTarPerm extractEntry lib/protocol/packets/RowDataPacket.js
198 silly gunzTarPerm extractEntry lib/protocol/packets/ComQuitPacket.js
199 silly gunzTarPerm extractEntry lib/protocol/packets/SSLRequestPacket.js
200 silly gunzTarPerm extractEntry lib/protocol/packets/ComQueryPacket.js
201 silly gunzTarPerm extractEntry lib/protocol/packets/StatisticsPacket.js
202 silly gunzTarPerm extractEntry lib/protocol/packets/ComPingPacket.js
203 silly gunzTarPerm extractEntry lib/protocol/packets/UseOldPasswordPacket.js
204 silly gunzTarPerm extractEntry lib/protocol/packets/ComChangeUserPacket.js
205 silly gunzTarPerm extractEntry lib/protocol/packets/index.js
206 silly gunzTarPerm extractEntry lib/protocol/packets/FieldPacket.js
207 silly gunzTarPerm extractEntry lib/protocol/sequences/ChangeUser.js
208 silly gunzTarPerm extractEntry lib/protocol/sequences/Handshake.js
209 silly gunzTarPerm extractEntry lib/protocol/sequences/Ping.js
210 silly gunzTarPerm extractEntry lib/protocol/sequences/Query.js
211 silly gunzTarPerm extractEntry lib/protocol/sequences/Quit.js
212 silly gunzTarPerm extractEntry lib/protocol/sequences/Sequence.js
213 silly gunzTarPerm extractEntry lib/protocol/sequences/Statistics.js
214 silly gunzTarPerm extractEntry lib/protocol/sequences/index.js
215 silly gentlyRm D:\Google 雲端硬碟\政大\專題\伺服器\app\node_modules\.staging\mysql-b5745817\node_modules is being purged
216 verbose gentlyRm don't care about contents; nuking D:\Google 雲端硬碟\政大\專題\伺服器\app\node_modules\.staging\mysql-b5745817\node_modules
217 silly doParallel preinstall 2
218 silly preinstall bignumber.js@3.1.2 D:\Google 雲端硬碟\政大\專題\伺服器\app\node_modules\.staging\bignumber.js-0aaaa668
219 info lifecycle bignumber.js@3.1.2~preinstall: bignumber.js@3.1.2
220 silly preinstall mysql@2.13.0 D:\Google 雲端硬碟\政大\專題\伺服器\app\node_modules\.staging\mysql-b5745817
221 info lifecycle mysql@2.13.0~preinstall: mysql@2.13.0
222 silly lifecycle bignumber.js@3.1.2~preinstall: no script for preinstall, continuing
223 silly lifecycle mysql@2.13.0~preinstall: no script for preinstall, continuing
224 silly doReverseSerial remove 0
225 silly doSerial move 0
226 silly doSerial finalize 2
227 silly finalize D:\Google 雲端硬碟\政大\專題\伺服器\app\node_modules\mysql\node_modules\bignumber.js
228 silly finalize D:\Google 雲端硬碟\政大\專題\伺服器\app\node_modules\mysql
229 verbose unlock done using C:\Users\nidhogg5\AppData\Roaming\npm-cache\_locks\staging-93cbf756beafe143.lock for D:\Google 雲端硬碟\政大\專題\伺服器\app\node_modules\.staging
230 silly rollbackFailedOptional Starting
231 silly rollbackFailedOptional Finishing
232 silly runTopLevelLifecycles Finishing
233 silly install printInstalled
234 verbose stack Error
234 verbose stack     at moveAway (C:\Program Files\nodejs\node_modules\npm\lib\install\action\finalize.js:38:5)
234 verbose stack     at destStatted (C:\Program Files\nodejs\node_modules\npm\lib\install\action\finalize.js:27:7)
234 verbose stack     at FSReqWrap.oncomplete (fs.js:111:15)
234 verbose stack
234 verbose stack Error: EPERM: operation not permitted, rename 'D:\Google 雲端硬碟\政大\專題\伺服器\app\node_modules\mysql' -> 'D:\Google 雲端硬碟\政大\專題\伺服器\app\node_modules\.mysql.DELETE'
235 verbose cwd D:\Google 雲端硬碟\政大\專題\伺服器\app
236 error Windows_NT 10.0.15063
237 error argv "C:\\Program Files\\nodejs\\node.exe" "C:\\Program Files\\nodejs\\node_modules\\npm\\bin\\npm-cli.js" "install" "mysql"
238 error node v7.0.0
239 error npm  v3.10.8
240 error path D:\Google 雲端硬碟\政大\專題\伺服器\app\node_modules\mysql
241 error code EPERM
242 error errno -4048
243 error syscall rename
244 error Error
244 error     at moveAway (C:\Program Files\nodejs\node_modules\npm\lib\install\action\finalize.js:38:5)
244 error     at destStatted (C:\Program Files\nodejs\node_modules\npm\lib\install\action\finalize.js:27:7)
244 error     at FSReqWrap.oncomplete (fs.js:111:15)
244 error
244 error Error: EPERM: operation not permitted, rename 'D:\Google 雲端硬碟\政大\專題\伺服器\app\node_modules\mysql' -> 'D:\Google 雲端硬碟\政大\專題\伺服器\app\node_modules\.mysql.DELETE'
244 error  { Error
244 error     at moveAway (C:\Program Files\nodejs\node_modules\npm\lib\install\action\finalize.js:38:5)
244 error     at destStatted (C:\Program Files\nodejs\node_modules\npm\lib\install\action\finalize.js:27:7)
244 error     at FSReqWrap.oncomplete (fs.js:111:15)
244 error
244 error Error: EPERM: operation not permitted, rename 'D:\Google 雲端硬碟\政大\專題\伺服器\app\node_modules\mysql' -> 'D:\Google 雲端硬碟\政大\專題\伺服器\app\node_modules\.mysql.DELETE' parent: 'app' }
245 error Please try running this command again as root/Administrator.
246 verbose exit [ -4048, true ]
